2019-03-14 23:03:30,967 - __main__ - INFO - Start server
2019-03-14 23:03:30,968 - __main__ - WARNING - host warning
2019-03-14 23:03:30,968 - __main__ - INFO - Start server
2019-03-14 23:03:30,968 - __main__ - INFO - host ok
2019-03-14 23:03:30,968 - __main__ - INFO - port ok
2019-03-14 23:03:30,968 - __main__ - INFO - year ok
2019-03-14 23:03:30,968 - __main__ - INFO - {'1': '2020', '2': '2000', '3': 400}
2019-03-14 23:03:30,968 - __main__ - INFO - year was cached
2019-03-14 23:03:30,968 - __main__ - INFO - port ok
2019-03-14 23:03:30,968 - __main__ - INFO - year ok
2019-03-14 23:03:30,968 - __main__ - INFO - {'1': '2020', '2': '2000', '3': 400}
2019-03-14 23:03:30,968 - __main__ - INFO - year was cached
2019-03-14 23:06:16,983 - __main__ - INFO - Start server
2019-03-14 23:06:16,983 - __main__ - INFO - host ok
2019-03-14 23:06:16,984 - __main__ - INFO - port ok
2019-03-14 23:06:16,984 - __main__ - INFO - year ok
2019-03-14 23:06:16,984 - __main__ - INFO - {'1': '2020', '2': '2000', '3': 400}
2019-03-14 23:06:16,984 - __main__ - INFO - year was cached
2019-03-14 23:06:34,090 - __main__ - INFO - Start server
2019-03-14 23:06:34,091 - __main__ - INFO - host ok
2019-03-14 23:06:34,091 - __main__ - INFO - port ok
2019-03-14 23:06:34,091 - __main__ - INFO - year ok
2019-03-14 23:06:34,091 - __main__ - INFO - {'1': '2020', '2': '2000', '3': 400}
2019-03-14 23:06:34,091 - __main__ - INFO - year was cached
2019-03-14 23:38:33,071 - __main__ - INFO - Start server
2019-03-14 23:38:33,072 - __main__ - INFO - host ok
2019-03-14 23:38:33,072 - __main__ - INFO - port ok
2019-03-14 23:38:33,072 - __main__ - INFO - year ok
2019-03-14 23:38:33,072 - __main__ - INFO - {'1': '2020', '2': '2000', '3': 400}
2019-03-14 23:38:33,072 - __main__ - INFO - year was cached
